
                                      ARENA Simulation Results
                                     koshila - License: STUDENT

                                  Summary for Replication 1 of 1

Project: Medical Centre                                              Run execution date : 1/22/2025
Analyst: Rockwell Automation                                         Model revision date: 1/22/2025

Replication ended at time      : 900.0 Seconds 
Base Time Units: Seconds

                                           TALLY VARIABLES

Identifier                                  Average   Half Width  Minimum    Maximum   Observations
___________________________________________________________________________________________________

Patient.VATime                              63.037     (Insuf)    61.121     67.055        100    
Patient.NVATime                             .00000     (Insuf)    .00000     .00000        100    
Patient.WaitTime                            63.859     (Insuf)    .00000     115.22        100    
Patient.TranTime                            360.00     (Insuf)    360.00     360.00        100    
Patient.OtherTime                           .00000     (Insuf)    .00000     .00000        100    
Patient.TotalTime                           486.89     (Insuf)    422.41     541.28        100    
Registration desk.Queue.WaitingTime         .27240     (Insuf)    .00000     1.8873         44    
Medicine collection.Queue.WaitingTime       62.945     (Insuf)    .00000     114.38        100    
Nurse prescription handling.Queue.WaitingT  .74938     (Insuf)    .00000     2.4959        100    
Doctor Consultation.Queue.WaitingTime       .07874     (Insuf)    .00000     .99038         56    

                                     DISCRETE-CHANGE VARIABLES

Identifier                                  Average   Half Width  Minimum    Maximum   Final Value
___________________________________________________________________________________________________

Patient.WIP                                 54.099     (Insuf)    .00000     100.00     .00000    
Doctor1.NumberBusy                          .02211     (Insuf)    .00000     1.0000     .00000    
Doctor1.NumberScheduled                     1.0000     (Insuf)    1.0000     1.0000     1.0000    
Doctor1.Utilization                         .02211     (Insuf)    .00000     1.0000     .00000    
Registrar1.NumberBusy                       .02511     (Insuf)    .00000     1.0000     .00000    
Registrar1.NumberScheduled                  1.0000     (Insuf)    1.0000     1.0000     1.0000    
Registrar1.Utilization                      .02511     (Insuf)    .00000     1.0000     .00000    
Pharmacist.NumberBusy                       .18433     (Insuf)    .00000     1.0000     .00000    
Pharmacist.NumberScheduled                  1.0000     (Insuf)    1.0000     1.0000     1.0000    
Pharmacist.Utilization                      .18433     (Insuf)    .00000     1.0000     .00000    
Nurse1.NumberBusy                           .04722     (Insuf)    .00000     1.0000     .00000    
Nurse1.NumberScheduled                      1.0000     (Insuf)    1.0000     1.0000     1.0000    
Nurse1.Utilization                          .04722     (Insuf)    .00000     1.0000     .00000    
Registration desk.Queue.NumberInQueue       .01332     (Insuf)    .00000     3.0000     .00000    
Medicine collection.Queue.NumberInQueue     6.9939     (Insuf)    .00000     72.000     .00000    
Nurse prescription handling.Queue.NumberIn  .08326     (Insuf)    .00000     7.0000     .00000    
Doctor Consultation.Queue.NumberInQueue     .00490     (Insuf)    .00000     2.0000     .00000    

                                             OUTPUTS

Identifier                                   Value
_____________________________________________________________

Patient.NumberIn                            100.00    
Patient.NumberOut                           100.00    
Doctor1.NumberSeized                        56.000    
Doctor1.ScheduledUtilization                .02211    
Registrar1.NumberSeized                     44.000    
Registrar1.ScheduledUtilization             .02511    
Pharmacist.NumberSeized                     100.00    
Pharmacist.ScheduledUtilization             .18433    
Nurse1.NumberSeized                         100.00    
Nurse1.ScheduledUtilization                 .04722    
System.NumberOut                            100.00    


Simulation run time: 0.72 minutes.
Simulation run complete.
